<?xml version="1.0"?>
<!DOCTYPE coverage SYSTEM "http://cobertura.sourceforge.net/xml/coverage-04.dtd">
<coverage line-rate="0.8710208562019759" branch-rate="1.0000000000000000" lines-covered="1587" lines-valid="1822" branches-covered="0" branches-valid="0" complexity="0.0" timestamp="1494419415" version="Slather 2.4.1">
  <sources>
    <source>/Users/connorneville/Documents/Work/Anchorage</source>
  </sources>
  <packages>
    <package name="Source" line-rate="0.6528028933092225" branch-rate="1.0000000000000000" complexity="0.0">
      <classes>
        <class name="AnchorGroupProvider" filename="Source/AnchorGroupProvider.swift" line-rate="1.0000000000000000" branch-rate="1.0000000000000000" complexity="0.0">
          <methods/>
          <lines>
            <line number="46" branch="false" hits="10"/>
            <line number="47" branch="false" hits="10"/>
            <line number="48" branch="false" hits="10"/>
            <line number="54" branch="false" hits="16"/>
            <line number="55" branch="false" hits="16"/>
            <line number="56" branch="false" hits="16"/>
            <line number="58" branch="false" hits="12"/>
            <line number="59" branch="false" hits="12"/>
            <line number="60" branch="false" hits="12"/>
            <line number="62" branch="false" hits="6"/>
            <line number="63" branch="false" hits="6"/>
            <line number="64" branch="false" hits="6"/>
            <line number="66" branch="false" hits="5"/>
            <line number="67" branch="false" hits="5"/>
            <line number="68" branch="false" hits="5"/>
            <line number="74" branch="false" hits="4"/>
            <line number="75" branch="false" hits="4"/>
            <line number="76" branch="false" hits="4"/>
            <line number="83" branch="false" hits="4"/>
            <line number="84" branch="false" hits="4"/>
            <line number="85" branch="false" hits="4"/>
            <line number="88" branch="false" hits="2"/>
            <line number="89" branch="false" hits="2"/>
            <line number="90" branch="false" hits="2"/>
            <line number="92" branch="false" hits="2"/>
            <line number="93" branch="false" hits="2"/>
            <line number="94" branch="false" hits="2"/>
            <line number="100" branch="false" hits="2"/>
            <line number="101" branch="false" hits="2"/>
            <line number="102" branch="false" hits="2"/>
            <line number="104" branch="false" hits="2"/>
            <line number="105" branch="false" hits="2"/>
            <line number="106" branch="false" hits="2"/>
            <line number="108" branch="false" hits="2"/>
            <line number="109" branch="false" hits="2"/>
            <line number="110" branch="false" hits="2"/>
            <line number="112" branch="false" hits="1"/>
            <line number="113" branch="false" hits="1"/>
            <line number="114" branch="false" hits="1"/>
            <line number="145" branch="false" hits="3"/>
            <line number="146" branch="false" hits="3"/>
            <line number="147" branch="false" hits="3"/>
            <line number="149" branch="false" hits="3"/>
            <line number="150" branch="false" hits="3"/>
            <line number="151" branch="false" hits="3"/>
            <line number="153" branch="false" hits="3"/>
            <line number="154" branch="false" hits="3"/>
            <line number="155" branch="false" hits="3"/>
          </lines>
        </class>
        <class name="Anchorage" filename="Source/Anchorage.swift" line-rate="0.4358974358974359" branch-rate="1.0000000000000000" complexity="0.0">
          <methods/>
          <lines>
            <line number="45" branch="false" hits="1"/>
            <line number="46" branch="false" hits="1"/>
            <line number="47" branch="false" hits="1"/>
            <line number="49" branch="false" hits="1"/>
            <line number="50" branch="false" hits="1"/>
            <line number="51" branch="false" hits="1"/>
            <line number="53" branch="false" hits="1"/>
            <line number="54" branch="false" hits="1"/>
            <line number="55" branch="false" hits="1"/>
            <line number="57" branch="false" hits="3"/>
            <line number="58" branch="false" hits="3"/>
            <line number="59" branch="false" hits="3"/>
            <line number="61" branch="false" hits="23"/>
            <line number="62" branch="false" hits="23"/>
            <line number="63" branch="false" hits="23"/>
            <line number="65" branch="false" hits="22"/>
            <line number="66" branch="false" hits="22"/>
            <line number="67" branch="false" hits="22"/>
            <line number="69" branch="false" hits="18"/>
            <line number="70" branch="false" hits="14"/>
            <line number="71" branch="false" hits="14"/>
            <line number="72" branch="false" hits="4"/>
            <line number="73" branch="false" hits="4"/>
            <line number="74" branch="false" hits="4"/>
            <line number="75" branch="false" hits="0"/>
            <line number="76" branch="false" hits="0"/>
            <line number="78" branch="false" hits="2"/>
            <line number="79" branch="false" hits="2"/>
            <line number="80" branch="false" hits="2"/>
            <line number="82" branch="false" hits="1"/>
            <line number="83" branch="false" hits="1"/>
            <line number="84" branch="false" hits="1"/>
            <line number="86" branch="false" hits="2"/>
            <line number="87" branch="false" hits="2"/>
            <line number="88" branch="false" hits="2"/>
            <line number="90" branch="false" hits="10"/>
            <line number="91" branch="false" hits="10"/>
            <line number="92" branch="false" hits="10"/>
            <line number="94" branch="false" hits="4"/>
            <line number="95" branch="false" hits="4"/>
            <line number="96" branch="false" hits="4"/>
            <line number="98" branch="false" hits="2"/>
            <line number="99" branch="false" hits="2"/>
            <line number="100" branch="false" hits="2"/>
            <line number="102" branch="false" hits="0"/>
            <line number="103" branch="false" hits="0"/>
            <line number="104" branch="false" hits="0"/>
            <line number="108" branch="false" hits="0"/>
            <line number="109" branch="false" hits="0"/>
            <line number="110" branch="false" hits="0"/>
            <line number="112" branch="false" hits="0"/>
            <line number="113" branch="false" hits="0"/>
            <line number="114" branch="false" hits="0"/>
            <line number="116" branch="false" hits="0"/>
            <line number="117" branch="false" hits="0"/>
            <line number="118" branch="false" hits="0"/>
            <line number="120" branch="false" hits="1"/>
            <line number="121" branch="false" hits="1"/>
            <line number="122" branch="false" hits="1"/>
            <line number="124" branch="false" hits="0"/>
            <line number="125" branch="false" hits="0"/>
            <line number="126" branch="false" hits="0"/>
            <line number="128" branch="false" hits="0"/>
            <line number="129" branch="false" hits="0"/>
            <line number="130" branch="false" hits="0"/>
            <line number="132" branch="false" hits="3"/>
            <line number="133" branch="false" hits="3"/>
            <line number="134" branch="false" hits="3"/>
            <line number="135" branch="false" hits="0"/>
            <line number="136" branch="false" hits="0"/>
            <line number="137" branch="false" hits="0"/>
            <line number="138" branch="false" hits="0"/>
            <line number="139" branch="false" hits="0"/>
            <line number="141" branch="false" hits="0"/>
            <line number="142" branch="false" hits="0"/>
            <line number="143" branch="false" hits="0"/>
            <line number="145" branch="false" hits="0"/>
            <line number="146" branch="false" hits="0"/>
            <line number="147" branch="false" hits="0"/>
            <line number="149" branch="false" hits="0"/>
            <line number="150" branch="false" hits="0"/>
            <line number="151" branch="false" hits="0"/>
            <line number="153" branch="false" hits="0"/>
            <line number="154" branch="false" hits="0"/>
            <line number="155" branch="false" hits="0"/>
            <line number="157" branch="false" hits="0"/>
            <line number="158" branch="false" hits="0"/>
            <line number="159" branch="false" hits="0"/>
            <line number="161" branch="false" hits="0"/>
            <line number="162" branch="false" hits="0"/>
            <line number="163" branch="false" hits="0"/>
            <line number="165" branch="false" hits="0"/>
            <line number="166" branch="false" hits="0"/>
            <line number="167" branch="false" hits="0"/>
            <line number="169" branch="false" hits="0"/>
            <line number="170" branch="false" hits="0"/>
            <line number="171" branch="false" hits="0"/>
            <line number="173" branch="false" hits="0"/>
            <line number="174" branch="false" hits="0"/>
            <line number="175" branch="false" hits="0"/>
            <line number="177" branch="false" hits="0"/>
            <line number="178" branch="false" hits="0"/>
            <line number="179" branch="false" hits="0"/>
            <line number="181" branch="false" hits="1"/>
            <line number="182" branch="false" hits="1"/>
            <line number="183" branch="false" hits="1"/>
            <line number="185" branch="false" hits="0"/>
            <line number="186" branch="false" hits="0"/>
            <line number="187" branch="false" hits="0"/>
            <line number="189" branch="false" hits="0"/>
            <line number="190" branch="false" hits="0"/>
            <line number="191" branch="false" hits="0"/>
            <line number="193" branch="false" hits="3"/>
            <line number="194" branch="false" hits="3"/>
            <line number="195" branch="false" hits="3"/>
            <line number="196" branch="false" hits="0"/>
            <line number="197" branch="false" hits="0"/>
            <line number="198" branch="false" hits="0"/>
            <line number="199" branch="false" hits="0"/>
            <line number="200" branch="false" hits="0"/>
            <line number="202" branch="false" hits="0"/>
            <line number="203" branch="false" hits="0"/>
            <line number="204" branch="false" hits="0"/>
            <line number="206" branch="false" hits="0"/>
            <line number="207" branch="false" hits="0"/>
            <line number="208" branch="false" hits="0"/>
            <line number="210" branch="false" hits="0"/>
            <line number="211" branch="false" hits="0"/>
            <line number="212" branch="false" hits="0"/>
            <line number="214" branch="false" hits="0"/>
            <line number="215" branch="false" hits="0"/>
            <line number="216" branch="false" hits="0"/>
            <line number="218" branch="false" hits="0"/>
            <line number="219" branch="false" hits="0"/>
            <line number="220" branch="false" hits="0"/>
            <line number="222" branch="false" hits="0"/>
            <line number="223" branch="false" hits="0"/>
            <line number="224" branch="false" hits="0"/>
            <line number="226" branch="false" hits="0"/>
            <line number="227" branch="false" hits="0"/>
            <line number="228" branch="false" hits="0"/>
            <line number="240" branch="false" hits="4"/>
            <line number="241" branch="false" hits="4"/>
            <line number="242" branch="false" hits="4"/>
            <line number="244" branch="false" hits="0"/>
            <line number="245" branch="false" hits="0"/>
            <line number="246" branch="false" hits="0"/>
            <line number="248" branch="false" hits="4"/>
            <line number="249" branch="false" hits="4"/>
            <line number="250" branch="false" hits="4"/>
            <line number="252" branch="false" hits="59"/>
            <line number="253" branch="false" hits="59"/>
            <line number="254" branch="false" hits="59"/>
            <line number="255" branch="false" hits="59"/>
            <line number="256" branch="false" hits="59"/>
            <line number="258" branch="false" hits="0"/>
            <line number="259" branch="false" hits="0"/>
            <line number="260" branch="false" hits="0"/>
            <line number="262" branch="false" hits="0"/>
            <line number="263" branch="false" hits="0"/>
            <line number="264" branch="false" hits="0"/>
            <line number="266" branch="false" hits="0"/>
            <line number="267" branch="false" hits="0"/>
            <line number="268" branch="false" hits="0"/>
            <line number="269" branch="false" hits="0"/>
            <line number="270" branch="false" hits="0"/>
            <line number="272" branch="false" hits="0"/>
            <line number="273" branch="false" hits="0"/>
            <line number="274" branch="false" hits="0"/>
            <line number="275" branch="false" hits="0"/>
            <line number="276" branch="false" hits="0"/>
            <line number="278" branch="false" hits="5"/>
            <line number="279" branch="false" hits="5"/>
            <line number="280" branch="false" hits="5"/>
            <line number="282" branch="false" hits="4"/>
            <line number="283" branch="false" hits="4"/>
            <line number="284" branch="false" hits="4"/>
            <line number="285" branch="false" hits="4"/>
            <line number="286" branch="false" hits="4"/>
            <line number="288" branch="false" hits="43"/>
            <line number="289" branch="false" hits="43"/>
            <line number="290" branch="false" hits="43"/>
            <line number="292" branch="false" hits="0"/>
            <line number="293" branch="false" hits="0"/>
            <line number="294" branch="false" hits="0"/>
            <line number="296" branch="false" hits="0"/>
            <line number="297" branch="false" hits="0"/>
            <line number="298" branch="false" hits="0"/>
            <line number="299" branch="false" hits="0"/>
            <line number="300" branch="false" hits="0"/>
            <line number="302" branch="false" hits="0"/>
            <line number="303" branch="false" hits="0"/>
            <line number="304" branch="false" hits="0"/>
            <line number="305" branch="false" hits="0"/>
            <line number="306" branch="false" hits="0"/>
            <line number="308" branch="false" hits="1"/>
            <line number="309" branch="false" hits="1"/>
            <line number="310" branch="false" hits="1"/>
            <line number="312" branch="false" hits="18"/>
            <line number="313" branch="false" hits="18"/>
            <line number="314" branch="false" hits="18"/>
            <line number="316" branch="false" hits="0"/>
            <line number="317" branch="false" hits="0"/>
            <line number="318" branch="false" hits="0"/>
            <line number="320" branch="false" hits="0"/>
            <line number="321" branch="false" hits="0"/>
            <line number="322" branch="false" hits="0"/>
            <line number="323" branch="false" hits="0"/>
            <line number="324" branch="false" hits="0"/>
            <line number="326" branch="false" hits="0"/>
            <line number="327" branch="false" hits="0"/>
            <line number="328" branch="false" hits="0"/>
            <line number="329" branch="false" hits="0"/>
            <line number="330" branch="false" hits="0"/>
            <line number="332" branch="false" hits="1"/>
            <line number="333" branch="false" hits="1"/>
            <line number="334" branch="false" hits="1"/>
            <line number="344" branch="false" hits="23"/>
            <line number="345" branch="false" hits="23"/>
            <line number="346" branch="false" hits="23"/>
            <line number="347" branch="false" hits="23"/>
            <line number="348" branch="false" hits="23"/>
            <line number="349" branch="false" hits="23"/>
            <line number="350" branch="false" hits="23"/>
            <line number="351" branch="false" hits="23"/>
            <line number="352" branch="false" hits="23"/>
            <line number="353" branch="false" hits="23"/>
            <line number="354" branch="false" hits="23"/>
            <line number="355" branch="false" hits="22"/>
            <line number="356" branch="false" hits="22"/>
            <line number="357" branch="false" hits="23"/>
            <line number="358" branch="false" hits="23"/>
            <line number="359" branch="false" hits="23"/>
            <line number="360" branch="false" hits="23"/>
          </lines>
        </class>
        <class name="Compatability" filename="Source/Compatability.swift" line-rate="1.0000000000000000" branch-rate="1.0000000000000000" complexity="0.0">
          <methods/>
          <lines>
            <line number="42" branch="false" hits="89"/>
            <line number="43" branch="false" hits="89"/>
            <line number="44" branch="false" hits="89"/>
            <line number="46" branch="false" hits="64"/>
            <line number="47" branch="false" hits="64"/>
            <line number="48" branch="false" hits="64"/>
            <line number="50" branch="false" hits="197"/>
            <line number="51" branch="false" hits="197"/>
            <line number="52" branch="false" hits="197"/>
            <line number="53" branch="false" hits="197"/>
            <line number="54" branch="false" hits="197"/>
            <line number="55" branch="false" hits="197"/>
            <line number="56" branch="false" hits="44"/>
            <line number="57" branch="false" hits="44"/>
            <line number="58" branch="false" hits="32"/>
            <line number="59" branch="false" hits="32"/>
            <line number="60" branch="false" hits="16"/>
            <line number="61" branch="false" hits="16"/>
            <line number="62" branch="false" hits="16"/>
            <line number="63" branch="false" hits="16"/>
            <line number="64" branch="false" hits="89"/>
            <line number="65" branch="false" hits="89"/>
            <line number="66" branch="false" hits="89"/>
            <line number="67" branch="false" hits="89"/>
            <line number="68" branch="false" hits="69"/>
            <line number="69" branch="false" hits="69"/>
            <line number="70" branch="false" hits="89"/>
            <line number="71" branch="false" hits="20"/>
            <line number="72" branch="false" hits="20"/>
            <line number="73" branch="false" hits="20"/>
            <line number="74" branch="false" hits="197"/>
            <line number="75" branch="false" hits="197"/>
            <line number="76" branch="false" hits="197"/>
            <line number="77" branch="false" hits="197"/>
            <line number="78" branch="false" hits="197"/>
            <line number="79" branch="false" hits="197"/>
            <line number="80" branch="false" hits="197"/>
            <line number="81" branch="false" hits="197"/>
          </lines>
        </class>
        <class name="Internal" filename="Source/Internal.swift" line-rate="0.7918781725888325" branch-rate="1.0000000000000000" complexity="0.0">
          <methods/>
          <lines>
            <line number="62" branch="false" hits="76"/>
            <line number="63" branch="false" hits="76"/>
            <line number="64" branch="false" hits="76"/>
            <line number="65" branch="false" hits="76"/>
            <line number="66" branch="false" hits="76"/>
            <line number="67" branch="false" hits="76"/>
            <line number="78" branch="false" hits="50"/>
            <line number="79" branch="false" hits="50"/>
            <line number="80" branch="false" hits="50"/>
            <line number="81" branch="false" hits="50"/>
            <line number="87" branch="false" hits="2"/>
            <line number="88" branch="false" hits="2"/>
            <line number="89" branch="false" hits="2"/>
            <line number="91" branch="false" hits="0"/>
            <line number="92" branch="false" hits="0"/>
            <line number="93" branch="false" hits="0"/>
            <line number="95" branch="false" hits="0"/>
            <line number="96" branch="false" hits="0"/>
            <line number="97" branch="false" hits="0"/>
            <line number="99" branch="false" hits="14"/>
            <line number="100" branch="false" hits="14"/>
            <line number="101" branch="false" hits="14"/>
            <line number="103" branch="false" hits="0"/>
            <line number="104" branch="false" hits="0"/>
            <line number="105" branch="false" hits="0"/>
            <line number="107" branch="false" hits="0"/>
            <line number="108" branch="false" hits="0"/>
            <line number="109" branch="false" hits="0"/>
            <line number="111" branch="false" hits="2"/>
            <line number="112" branch="false" hits="2"/>
            <line number="113" branch="false" hits="2"/>
            <line number="114" branch="false" hits="2"/>
            <line number="115" branch="false" hits="2"/>
            <line number="116" branch="false" hits="2"/>
            <line number="117" branch="false" hits="2"/>
            <line number="118" branch="false" hits="2"/>
            <line number="119" branch="false" hits="2"/>
            <line number="120" branch="false" hits="2"/>
            <line number="121" branch="false" hits="0"/>
            <line number="122" branch="false" hits="0"/>
            <line number="123" branch="false" hits="2"/>
            <line number="124" branch="false" hits="2"/>
            <line number="125" branch="false" hits="2"/>
            <line number="126" branch="false" hits="2"/>
            <line number="127" branch="false" hits="2"/>
            <line number="129" branch="false" hits="14"/>
            <line number="130" branch="false" hits="14"/>
            <line number="131" branch="false" hits="14"/>
            <line number="133" branch="false" hits="24"/>
            <line number="134" branch="false" hits="0"/>
            <line number="135" branch="false" hits="0"/>
            <line number="136" branch="false" hits="24"/>
            <line number="137" branch="false" hits="24"/>
            <line number="138" branch="false" hits="24"/>
            <line number="139" branch="false" hits="24"/>
            <line number="140" branch="false" hits="24"/>
            <line number="141" branch="false" hits="24"/>
            <line number="142" branch="false" hits="24"/>
            <line number="143" branch="false" hits="9"/>
            <line number="144" branch="false" hits="9"/>
            <line number="145" branch="false" hits="9"/>
            <line number="146" branch="false" hits="9"/>
            <line number="147" branch="false" hits="9"/>
            <line number="148" branch="false" hits="9"/>
            <line number="149" branch="false" hits="24"/>
            <line number="150" branch="false" hits="9"/>
            <line number="151" branch="false" hits="9"/>
            <line number="152" branch="false" hits="9"/>
            <line number="153" branch="false" hits="9"/>
            <line number="154" branch="false" hits="9"/>
            <line number="155" branch="false" hits="9"/>
            <line number="156" branch="false" hits="24"/>
            <line number="157" branch="false" hits="4"/>
            <line number="158" branch="false" hits="4"/>
            <line number="159" branch="false" hits="4"/>
            <line number="160" branch="false" hits="4"/>
            <line number="161" branch="false" hits="4"/>
            <line number="162" branch="false" hits="4"/>
            <line number="163" branch="false" hits="24"/>
            <line number="164" branch="false" hits="2"/>
            <line number="165" branch="false" hits="2"/>
            <line number="166" branch="false" hits="2"/>
            <line number="167" branch="false" hits="2"/>
            <line number="168" branch="false" hits="2"/>
            <line number="169" branch="false" hits="2"/>
            <line number="170" branch="false" hits="0"/>
            <line number="171" branch="false" hits="0"/>
            <line number="172" branch="false" hits="24"/>
            <line number="173" branch="false" hits="24"/>
            <line number="174" branch="false" hits="24"/>
            <line number="175" branch="false" hits="24"/>
            <line number="176" branch="false" hits="24"/>
            <line number="184" branch="false" hits="3"/>
            <line number="185" branch="false" hits="3"/>
            <line number="186" branch="false" hits="3"/>
            <line number="187" branch="false" hits="3"/>
            <line number="188" branch="false" hits="3"/>
            <line number="189" branch="false" hits="3"/>
            <line number="193" branch="false" hits="1"/>
            <line number="194" branch="false" hits="1"/>
            <line number="195" branch="false" hits="1"/>
            <line number="196" branch="false" hits="1"/>
            <line number="197" branch="false" hits="1"/>
            <line number="198" branch="false" hits="1"/>
            <line number="199" branch="false" hits="1"/>
            <line number="200" branch="false" hits="1"/>
            <line number="204" branch="false" hits="10"/>
            <line number="205" branch="false" hits="10"/>
            <line number="206" branch="false" hits="10"/>
            <line number="207" branch="false" hits="10"/>
            <line number="209" branch="false" hits="2"/>
            <line number="210" branch="false" hits="2"/>
            <line number="211" branch="false" hits="2"/>
            <line number="213" branch="false" hits="0"/>
            <line number="214" branch="false" hits="0"/>
            <line number="215" branch="false" hits="0"/>
            <line number="217" branch="false" hits="0"/>
            <line number="218" branch="false" hits="0"/>
            <line number="219" branch="false" hits="0"/>
            <line number="221" branch="false" hits="3"/>
            <line number="222" branch="false" hits="3"/>
            <line number="223" branch="false" hits="3"/>
            <line number="225" branch="false" hits="0"/>
            <line number="226" branch="false" hits="0"/>
            <line number="227" branch="false" hits="0"/>
            <line number="229" branch="false" hits="0"/>
            <line number="230" branch="false" hits="0"/>
            <line number="231" branch="false" hits="0"/>
            <line number="233" branch="false" hits="5"/>
            <line number="234" branch="false" hits="0"/>
            <line number="235" branch="false" hits="0"/>
            <line number="236" branch="false" hits="5"/>
            <line number="237" branch="false" hits="5"/>
            <line number="238" branch="false" hits="5"/>
            <line number="239" branch="false" hits="5"/>
            <line number="240" branch="false" hits="5"/>
            <line number="241" branch="false" hits="5"/>
            <line number="242" branch="false" hits="5"/>
            <line number="243" branch="false" hits="5"/>
            <line number="244" branch="false" hits="5"/>
            <line number="245" branch="false" hits="5"/>
            <line number="246" branch="false" hits="5"/>
            <line number="247" branch="false" hits="5"/>
            <line number="248" branch="false" hits="5"/>
            <line number="249" branch="false" hits="5"/>
            <line number="250" branch="false" hits="5"/>
            <line number="251" branch="false" hits="5"/>
            <line number="252" branch="false" hits="5"/>
            <line number="276" branch="false" hits="1"/>
            <line number="277" branch="false" hits="1"/>
            <line number="278" branch="false" hits="1"/>
            <line number="279" branch="false" hits="1"/>
            <line number="280" branch="false" hits="1"/>
            <line number="281" branch="false" hits="1"/>
            <line number="282" branch="false" hits="1"/>
            <line number="283" branch="false" hits="1"/>
            <line number="284" branch="false" hits="1"/>
            <line number="287" branch="false" hits="0"/>
            <line number="288" branch="false" hits="0"/>
            <line number="289" branch="false" hits="0"/>
            <line number="290" branch="false" hits="0"/>
            <line number="291" branch="false" hits="0"/>
            <line number="292" branch="false" hits="0"/>
            <line number="293" branch="false" hits="0"/>
            <line number="294" branch="false" hits="0"/>
            <line number="295" branch="false" hits="0"/>
            <line number="307" branch="false" hits="56"/>
            <line number="308" branch="false" hits="56"/>
            <line number="309" branch="false" hits="56"/>
            <line number="311" branch="false" hits="22"/>
            <line number="312" branch="false" hits="22"/>
            <line number="313" branch="false" hits="22"/>
            <line number="321" branch="false" hits="31"/>
            <line number="322" branch="false" hits="21"/>
            <line number="323" branch="false" hits="21"/>
            <line number="324" branch="false" hits="31"/>
            <line number="325" branch="false" hits="10"/>
            <line number="326" branch="false" hits="10"/>
            <line number="327" branch="false" hits="31"/>
            <line number="328" branch="false" hits="31"/>
            <line number="332" branch="false" hits="77"/>
            <line number="333" branch="false" hits="77"/>
            <line number="334" branch="false" hits="65"/>
            <line number="335" branch="false" hits="65"/>
            <line number="336" branch="false" hits="77"/>
            <line number="337" branch="false" hits="77"/>
            <line number="338" branch="false" hits="77"/>
            <line number="339" branch="false" hits="77"/>
            <line number="340" branch="false" hits="56"/>
            <line number="341" branch="false" hits="56"/>
            <line number="342" branch="false" hits="77"/>
            <line number="343" branch="false" hits="21"/>
            <line number="344" branch="false" hits="21"/>
            <line number="345" branch="false" hits="77"/>
            <line number="346" branch="false" hits="77"/>
            <line number="347" branch="false" hits="77"/>
            <line number="348" branch="false" hits="77"/>
          </lines>
        </class>
        <class name="Priority" filename="Source/Priority.swift" line-rate="0.4722222222222222" branch-rate="1.0000000000000000" complexity="0.0">
          <methods/>
          <lines>
            <line number="43" branch="false" hits="87"/>
            <line number="44" branch="false" hits="87"/>
            <line number="45" branch="false" hits="49"/>
            <line number="46" branch="false" hits="11"/>
            <line number="47" branch="false" hits="2"/>
            <line number="48" branch="false" hits="0"/>
            <line number="49" branch="false" hits="25"/>
            <line number="50" branch="false" hits="87"/>
            <line number="51" branch="false" hits="87"/>
            <line number="53" branch="false" hits="0"/>
            <line number="54" branch="false" hits="0"/>
            <line number="55" branch="false" hits="0"/>
            <line number="57" branch="false" hits="1"/>
            <line number="58" branch="false" hits="1"/>
            <line number="59" branch="false" hits="1"/>
            <line number="61" branch="false" hits="2"/>
            <line number="62" branch="false" hits="2"/>
            <line number="63" branch="false" hits="2"/>
            <line number="65" branch="false" hits="0"/>
            <line number="66" branch="false" hits="0"/>
            <line number="67" branch="false" hits="0"/>
            <line number="71" branch="false" hits="0"/>
            <line number="72" branch="false" hits="0"/>
            <line number="73" branch="false" hits="0"/>
            <line number="75" branch="false" hits="0"/>
            <line number="76" branch="false" hits="0"/>
            <line number="77" branch="false" hits="0"/>
            <line number="79" branch="false" hits="0"/>
            <line number="80" branch="false" hits="0"/>
            <line number="81" branch="false" hits="0"/>
            <line number="83" branch="false" hits="10"/>
            <line number="84" branch="false" hits="10"/>
            <line number="85" branch="false" hits="10"/>
            <line number="87" branch="false" hits="0"/>
            <line number="88" branch="false" hits="0"/>
            <line number="89" branch="false" hits="0"/>
          </lines>
        </class>
      </classes>
    </package>
    <package name="AnchorageTests" line-rate="0.9661150512214342" branch-rate="1.0000000000000000" complexity="0.0">
      <classes>
        <class name="AnchorageTests" filename="AnchorageTests/AnchorageTests.swift" line-rate="0.9611211573236890" branch-rate="1.0000000000000000" complexity="0.0">
          <methods/>
          <lines>
            <line number="54" branch="false" hits="44"/>
            <line number="55" branch="false" hits="44"/>
            <line number="56" branch="false" hits="44"/>
            <line number="57" branch="false" hits="44"/>
            <line number="58" branch="false" hits="44"/>
            <line number="59" branch="false" hits="44"/>
            <line number="60" branch="false" hits="44"/>
            <line number="61" branch="false" hits="44"/>
            <line number="62" branch="false" hits="44"/>
            <line number="63" branch="false" hits="44"/>
            <line number="64" branch="false" hits="44"/>
            <line number="65" branch="false" hits="44"/>
            <line number="66" branch="false" hits="44"/>
            <line number="67" branch="false" hits="44"/>
            <line number="68" branch="false" hits="44"/>
            <line number="69" branch="false" hits="44"/>
            <line number="70" branch="false" hits="44"/>
            <line number="71" branch="false" hits="44"/>
            <line number="72" branch="false" hits="44"/>
            <line number="73" branch="false" hits="44"/>
            <line number="75" branch="false" hits="1"/>
            <line number="76" branch="false" hits="1"/>
            <line number="77" branch="false" hits="1"/>
            <line number="78" branch="false" hits="1"/>
            <line number="79" branch="false" hits="1"/>
            <line number="80" branch="false" hits="1"/>
            <line number="81" branch="false" hits="1"/>
            <line number="82" branch="false" hits="1"/>
            <line number="83" branch="false" hits="1"/>
            <line number="84" branch="false" hits="1"/>
            <line number="85" branch="false" hits="1"/>
            <line number="86" branch="false" hits="1"/>
            <line number="88" branch="false" hits="1"/>
            <line number="89" branch="false" hits="1"/>
            <line number="90" branch="false" hits="1"/>
            <line number="91" branch="false" hits="1"/>
            <line number="92" branch="false" hits="1"/>
            <line number="93" branch="false" hits="1"/>
            <line number="94" branch="false" hits="1"/>
            <line number="95" branch="false" hits="1"/>
            <line number="96" branch="false" hits="1"/>
            <line number="97" branch="false" hits="1"/>
            <line number="98" branch="false" hits="1"/>
            <line number="99" branch="false" hits="1"/>
            <line number="101" branch="false" hits="1"/>
            <line number="102" branch="false" hits="1"/>
            <line number="103" branch="false" hits="1"/>
            <line number="104" branch="false" hits="1"/>
            <line number="105" branch="false" hits="1"/>
            <line number="106" branch="false" hits="1"/>
            <line number="107" branch="false" hits="1"/>
            <line number="108" branch="false" hits="1"/>
            <line number="109" branch="false" hits="1"/>
            <line number="110" branch="false" hits="1"/>
            <line number="111" branch="false" hits="1"/>
            <line number="112" branch="false" hits="1"/>
            <line number="114" branch="false" hits="1"/>
            <line number="115" branch="false" hits="1"/>
            <line number="116" branch="false" hits="1"/>
            <line number="117" branch="false" hits="1"/>
            <line number="118" branch="false" hits="1"/>
            <line number="119" branch="false" hits="1"/>
            <line number="120" branch="false" hits="1"/>
            <line number="121" branch="false" hits="1"/>
            <line number="122" branch="false" hits="1"/>
            <line number="123" branch="false" hits="1"/>
            <line number="124" branch="false" hits="1"/>
            <line number="125" branch="false" hits="1"/>
            <line number="127" branch="false" hits="1"/>
            <line number="128" branch="false" hits="1"/>
            <line number="129" branch="false" hits="1"/>
            <line number="130" branch="false" hits="1"/>
            <line number="131" branch="false" hits="1"/>
            <line number="132" branch="false" hits="1"/>
            <line number="133" branch="false" hits="1"/>
            <line number="134" branch="false" hits="1"/>
            <line number="135" branch="false" hits="1"/>
            <line number="136" branch="false" hits="1"/>
            <line number="137" branch="false" hits="1"/>
            <line number="138" branch="false" hits="1"/>
            <line number="140" branch="false" hits="1"/>
            <line number="141" branch="false" hits="1"/>
            <line number="142" branch="false" hits="1"/>
            <line number="143" branch="false" hits="1"/>
            <line number="144" branch="false" hits="1"/>
            <line number="145" branch="false" hits="1"/>
            <line number="146" branch="false" hits="1"/>
            <line number="147" branch="false" hits="1"/>
            <line number="148" branch="false" hits="1"/>
            <line number="149" branch="false" hits="1"/>
            <line number="150" branch="false" hits="1"/>
            <line number="151" branch="false" hits="1"/>
            <line number="153" branch="false" hits="1"/>
            <line number="154" branch="false" hits="1"/>
            <line number="155" branch="false" hits="1"/>
            <line number="156" branch="false" hits="1"/>
            <line number="157" branch="false" hits="1"/>
            <line number="158" branch="false" hits="1"/>
            <line number="159" branch="false" hits="1"/>
            <line number="160" branch="false" hits="1"/>
            <line number="161" branch="false" hits="1"/>
            <line number="162" branch="false" hits="1"/>
            <line number="163" branch="false" hits="1"/>
            <line number="164" branch="false" hits="1"/>
            <line number="166" branch="false" hits="1"/>
            <line number="167" branch="false" hits="1"/>
            <line number="168" branch="false" hits="1"/>
            <line number="169" branch="false" hits="1"/>
            <line number="170" branch="false" hits="1"/>
            <line number="171" branch="false" hits="1"/>
            <line number="172" branch="false" hits="1"/>
            <line number="173" branch="false" hits="1"/>
            <line number="174" branch="false" hits="1"/>
            <line number="175" branch="false" hits="1"/>
            <line number="176" branch="false" hits="1"/>
            <line number="177" branch="false" hits="1"/>
            <line number="179" branch="false" hits="1"/>
            <line number="180" branch="false" hits="1"/>
            <line number="181" branch="false" hits="1"/>
            <line number="182" branch="false" hits="1"/>
            <line number="183" branch="false" hits="1"/>
            <line number="184" branch="false" hits="1"/>
            <line number="185" branch="false" hits="1"/>
            <line number="186" branch="false" hits="1"/>
            <line number="187" branch="false" hits="1"/>
            <line number="188" branch="false" hits="1"/>
            <line number="189" branch="false" hits="1"/>
            <line number="190" branch="false" hits="1"/>
            <line number="192" branch="false" hits="1"/>
            <line number="193" branch="false" hits="1"/>
            <line number="194" branch="false" hits="1"/>
            <line number="195" branch="false" hits="1"/>
            <line number="196" branch="false" hits="1"/>
            <line number="197" branch="false" hits="1"/>
            <line number="198" branch="false" hits="1"/>
            <line number="199" branch="false" hits="1"/>
            <line number="200" branch="false" hits="1"/>
            <line number="201" branch="false" hits="1"/>
            <line number="202" branch="false" hits="1"/>
            <line number="203" branch="false" hits="1"/>
            <line number="205" branch="false" hits="1"/>
            <line number="206" branch="false" hits="1"/>
            <line number="207" branch="false" hits="1"/>
            <line number="208" branch="false" hits="1"/>
            <line number="209" branch="false" hits="1"/>
            <line number="210" branch="false" hits="1"/>
            <line number="211" branch="false" hits="1"/>
            <line number="212" branch="false" hits="1"/>
            <line number="213" branch="false" hits="1"/>
            <line number="214" branch="false" hits="1"/>
            <line number="215" branch="false" hits="1"/>
            <line number="216" branch="false" hits="1"/>
            <line number="218" branch="false" hits="1"/>
            <line number="219" branch="false" hits="1"/>
            <line number="220" branch="false" hits="1"/>
            <line number="221" branch="false" hits="1"/>
            <line number="222" branch="false" hits="1"/>
            <line number="223" branch="false" hits="1"/>
            <line number="224" branch="false" hits="1"/>
            <line number="225" branch="false" hits="1"/>
            <line number="226" branch="false" hits="1"/>
            <line number="227" branch="false" hits="1"/>
            <line number="228" branch="false" hits="1"/>
            <line number="229" branch="false" hits="1"/>
            <line number="231" branch="false" hits="1"/>
            <line number="232" branch="false" hits="1"/>
            <line number="233" branch="false" hits="1"/>
            <line number="234" branch="false" hits="1"/>
            <line number="235" branch="false" hits="1"/>
            <line number="236" branch="false" hits="1"/>
            <line number="237" branch="false" hits="1"/>
            <line number="238" branch="false" hits="1"/>
            <line number="239" branch="false" hits="1"/>
            <line number="240" branch="false" hits="1"/>
            <line number="241" branch="false" hits="1"/>
            <line number="242" branch="false" hits="1"/>
            <line number="244" branch="false" hits="1"/>
            <line number="245" branch="false" hits="1"/>
            <line number="246" branch="false" hits="1"/>
            <line number="247" branch="false" hits="1"/>
            <line number="248" branch="false" hits="1"/>
            <line number="249" branch="false" hits="1"/>
            <line number="250" branch="false" hits="1"/>
            <line number="251" branch="false" hits="1"/>
            <line number="252" branch="false" hits="1"/>
            <line number="253" branch="false" hits="1"/>
            <line number="254" branch="false" hits="1"/>
            <line number="255" branch="false" hits="1"/>
            <line number="257" branch="false" hits="1"/>
            <line number="258" branch="false" hits="1"/>
            <line number="259" branch="false" hits="1"/>
            <line number="260" branch="false" hits="1"/>
            <line number="261" branch="false" hits="1"/>
            <line number="262" branch="false" hits="1"/>
            <line number="263" branch="false" hits="1"/>
            <line number="264" branch="false" hits="1"/>
            <line number="265" branch="false" hits="1"/>
            <line number="266" branch="false" hits="1"/>
            <line number="267" branch="false" hits="1"/>
            <line number="268" branch="false" hits="1"/>
            <line number="270" branch="false" hits="1"/>
            <line number="271" branch="false" hits="1"/>
            <line number="272" branch="false" hits="1"/>
            <line number="273" branch="false" hits="1"/>
            <line number="274" branch="false" hits="1"/>
            <line number="275" branch="false" hits="1"/>
            <line number="276" branch="false" hits="1"/>
            <line number="277" branch="false" hits="1"/>
            <line number="278" branch="false" hits="1"/>
            <line number="279" branch="false" hits="1"/>
            <line number="280" branch="false" hits="1"/>
            <line number="281" branch="false" hits="1"/>
            <line number="283" branch="false" hits="1"/>
            <line number="284" branch="false" hits="1"/>
            <line number="285" branch="false" hits="1"/>
            <line number="286" branch="false" hits="1"/>
            <line number="287" branch="false" hits="1"/>
            <line number="288" branch="false" hits="1"/>
            <line number="289" branch="false" hits="1"/>
            <line number="290" branch="false" hits="1"/>
            <line number="291" branch="false" hits="1"/>
            <line number="292" branch="false" hits="1"/>
            <line number="293" branch="false" hits="1"/>
            <line number="294" branch="false" hits="1"/>
            <line number="296" branch="false" hits="1"/>
            <line number="297" branch="false" hits="1"/>
            <line number="298" branch="false" hits="1"/>
            <line number="299" branch="false" hits="1"/>
            <line number="300" branch="false" hits="1"/>
            <line number="301" branch="false" hits="1"/>
            <line number="302" branch="false" hits="1"/>
            <line number="303" branch="false" hits="1"/>
            <line number="304" branch="false" hits="1"/>
            <line number="305" branch="false" hits="1"/>
            <line number="306" branch="false" hits="1"/>
            <line number="307" branch="false" hits="1"/>
            <line number="309" branch="false" hits="1"/>
            <line number="310" branch="false" hits="1"/>
            <line number="311" branch="false" hits="1"/>
            <line number="312" branch="false" hits="1"/>
            <line number="313" branch="false" hits="1"/>
            <line number="314" branch="false" hits="1"/>
            <line number="315" branch="false" hits="1"/>
            <line number="316" branch="false" hits="1"/>
            <line number="317" branch="false" hits="1"/>
            <line number="318" branch="false" hits="1"/>
            <line number="319" branch="false" hits="1"/>
            <line number="320" branch="false" hits="1"/>
            <line number="322" branch="false" hits="1"/>
            <line number="323" branch="false" hits="1"/>
            <line number="324" branch="false" hits="1"/>
            <line number="325" branch="false" hits="1"/>
            <line number="326" branch="false" hits="1"/>
            <line number="327" branch="false" hits="1"/>
            <line number="328" branch="false" hits="1"/>
            <line number="329" branch="false" hits="1"/>
            <line number="330" branch="false" hits="1"/>
            <line number="331" branch="false" hits="1"/>
            <line number="332" branch="false" hits="1"/>
            <line number="333" branch="false" hits="1"/>
            <line number="335" branch="false" hits="1"/>
            <line number="336" branch="false" hits="1"/>
            <line number="337" branch="false" hits="1"/>
            <line number="338" branch="false" hits="1"/>
            <line number="339" branch="false" hits="1"/>
            <line number="340" branch="false" hits="1"/>
            <line number="341" branch="false" hits="1"/>
            <line number="342" branch="false" hits="1"/>
            <line number="343" branch="false" hits="1"/>
            <line number="344" branch="false" hits="1"/>
            <line number="345" branch="false" hits="1"/>
            <line number="346" branch="false" hits="1"/>
            <line number="348" branch="false" hits="1"/>
            <line number="349" branch="false" hits="1"/>
            <line number="350" branch="false" hits="1"/>
            <line number="351" branch="false" hits="1"/>
            <line number="352" branch="false" hits="1"/>
            <line number="353" branch="false" hits="1"/>
            <line number="354" branch="false" hits="1"/>
            <line number="355" branch="false" hits="1"/>
            <line number="356" branch="false" hits="1"/>
            <line number="357" branch="false" hits="1"/>
            <line number="358" branch="false" hits="1"/>
            <line number="359" branch="false" hits="1"/>
            <line number="360" branch="false" hits="1"/>
            <line number="361" branch="false" hits="1"/>
            <line number="362" branch="false" hits="1"/>
            <line number="363" branch="false" hits="1"/>
            <line number="364" branch="false" hits="1"/>
            <line number="365" branch="false" hits="1"/>
            <line number="366" branch="false" hits="1"/>
            <line number="367" branch="false" hits="1"/>
            <line number="368" branch="false" hits="1"/>
            <line number="369" branch="false" hits="1"/>
            <line number="370" branch="false" hits="1"/>
            <line number="371" branch="false" hits="1"/>
            <line number="372" branch="false" hits="1"/>
            <line number="374" branch="false" hits="1"/>
            <line number="375" branch="false" hits="1"/>
            <line number="376" branch="false" hits="1"/>
            <line number="377" branch="false" hits="1"/>
            <line number="378" branch="false" hits="1"/>
            <line number="379" branch="false" hits="1"/>
            <line number="380" branch="false" hits="1"/>
            <line number="381" branch="false" hits="1"/>
            <line number="382" branch="false" hits="1"/>
            <line number="383" branch="false" hits="1"/>
            <line number="384" branch="false" hits="1"/>
            <line number="385" branch="false" hits="1"/>
            <line number="386" branch="false" hits="1"/>
            <line number="387" branch="false" hits="1"/>
            <line number="388" branch="false" hits="1"/>
            <line number="389" branch="false" hits="1"/>
            <line number="390" branch="false" hits="1"/>
            <line number="391" branch="false" hits="1"/>
            <line number="392" branch="false" hits="1"/>
            <line number="393" branch="false" hits="1"/>
            <line number="394" branch="false" hits="1"/>
            <line number="395" branch="false" hits="1"/>
            <line number="396" branch="false" hits="1"/>
            <line number="397" branch="false" hits="1"/>
            <line number="398" branch="false" hits="1"/>
            <line number="400" branch="false" hits="1"/>
            <line number="401" branch="false" hits="1"/>
            <line number="402" branch="false" hits="1"/>
            <line number="403" branch="false" hits="1"/>
            <line number="404" branch="false" hits="1"/>
            <line number="405" branch="false" hits="1"/>
            <line number="406" branch="false" hits="1"/>
            <line number="407" branch="false" hits="1"/>
            <line number="408" branch="false" hits="1"/>
            <line number="409" branch="false" hits="1"/>
            <line number="410" branch="false" hits="1"/>
            <line number="411" branch="false" hits="1"/>
            <line number="412" branch="false" hits="1"/>
            <line number="413" branch="false" hits="1"/>
            <line number="414" branch="false" hits="1"/>
            <line number="415" branch="false" hits="1"/>
            <line number="416" branch="false" hits="1"/>
            <line number="417" branch="false" hits="1"/>
            <line number="418" branch="false" hits="1"/>
            <line number="419" branch="false" hits="1"/>
            <line number="420" branch="false" hits="1"/>
            <line number="421" branch="false" hits="1"/>
            <line number="422" branch="false" hits="1"/>
            <line number="423" branch="false" hits="1"/>
            <line number="424" branch="false" hits="1"/>
            <line number="426" branch="false" hits="1"/>
            <line number="427" branch="false" hits="1"/>
            <line number="428" branch="false" hits="1"/>
            <line number="429" branch="false" hits="1"/>
            <line number="430" branch="false" hits="1"/>
            <line number="431" branch="false" hits="1"/>
            <line number="432" branch="false" hits="1"/>
            <line number="433" branch="false" hits="1"/>
            <line number="434" branch="false" hits="1"/>
            <line number="435" branch="false" hits="1"/>
            <line number="436" branch="false" hits="1"/>
            <line number="437" branch="false" hits="1"/>
            <line number="438" branch="false" hits="1"/>
            <line number="439" branch="false" hits="1"/>
            <line number="440" branch="false" hits="1"/>
            <line number="441" branch="false" hits="1"/>
            <line number="442" branch="false" hits="1"/>
            <line number="443" branch="false" hits="1"/>
            <line number="444" branch="false" hits="1"/>
            <line number="445" branch="false" hits="1"/>
            <line number="446" branch="false" hits="1"/>
            <line number="447" branch="false" hits="1"/>
            <line number="448" branch="false" hits="1"/>
            <line number="449" branch="false" hits="1"/>
            <line number="450" branch="false" hits="1"/>
            <line number="452" branch="false" hits="1"/>
            <line number="453" branch="false" hits="1"/>
            <line number="454" branch="false" hits="1"/>
            <line number="455" branch="false" hits="1"/>
            <line number="456" branch="false" hits="1"/>
            <line number="457" branch="false" hits="1"/>
            <line number="458" branch="false" hits="1"/>
            <line number="459" branch="false" hits="1"/>
            <line number="460" branch="false" hits="1"/>
            <line number="461" branch="false" hits="1"/>
            <line number="462" branch="false" hits="1"/>
            <line number="463" branch="false" hits="1"/>
            <line number="464" branch="false" hits="1"/>
            <line number="465" branch="false" hits="1"/>
            <line number="466" branch="false" hits="1"/>
            <line number="467" branch="false" hits="1"/>
            <line number="468" branch="false" hits="1"/>
            <line number="469" branch="false" hits="1"/>
            <line number="470" branch="false" hits="1"/>
            <line number="471" branch="false" hits="1"/>
            <line number="472" branch="false" hits="1"/>
            <line number="473" branch="false" hits="1"/>
            <line number="474" branch="false" hits="1"/>
            <line number="475" branch="false" hits="1"/>
            <line number="476" branch="false" hits="1"/>
            <line number="478" branch="false" hits="1"/>
            <line number="479" branch="false" hits="1"/>
            <line number="480" branch="false" hits="1"/>
            <line number="481" branch="false" hits="1"/>
            <line number="482" branch="false" hits="1"/>
            <line number="483" branch="false" hits="1"/>
            <line number="484" branch="false" hits="1"/>
            <line number="485" branch="false" hits="1"/>
            <line number="486" branch="false" hits="1"/>
            <line number="487" branch="false" hits="1"/>
            <line number="488" branch="false" hits="1"/>
            <line number="489" branch="false" hits="1"/>
            <line number="490" branch="false" hits="1"/>
            <line number="491" branch="false" hits="1"/>
            <line number="492" branch="false" hits="1"/>
            <line number="493" branch="false" hits="1"/>
            <line number="494" branch="false" hits="1"/>
            <line number="495" branch="false" hits="1"/>
            <line number="496" branch="false" hits="1"/>
            <line number="497" branch="false" hits="1"/>
            <line number="498" branch="false" hits="1"/>
            <line number="499" branch="false" hits="1"/>
            <line number="500" branch="false" hits="1"/>
            <line number="501" branch="false" hits="1"/>
            <line number="502" branch="false" hits="1"/>
            <line number="504" branch="false" hits="1"/>
            <line number="505" branch="false" hits="1"/>
            <line number="506" branch="false" hits="1"/>
            <line number="507" branch="false" hits="1"/>
            <line number="508" branch="false" hits="1"/>
            <line number="509" branch="false" hits="1"/>
            <line number="510" branch="false" hits="1"/>
            <line number="511" branch="false" hits="1"/>
            <line number="512" branch="false" hits="1"/>
            <line number="513" branch="false" hits="1"/>
            <line number="514" branch="false" hits="1"/>
            <line number="515" branch="false" hits="1"/>
            <line number="516" branch="false" hits="1"/>
            <line number="517" branch="false" hits="1"/>
            <line number="518" branch="false" hits="1"/>
            <line number="519" branch="false" hits="1"/>
            <line number="520" branch="false" hits="1"/>
            <line number="521" branch="false" hits="1"/>
            <line number="522" branch="false" hits="1"/>
            <line number="523" branch="false" hits="1"/>
            <line number="524" branch="false" hits="1"/>
            <line number="525" branch="false" hits="1"/>
            <line number="526" branch="false" hits="1"/>
            <line number="527" branch="false" hits="1"/>
            <line number="528" branch="false" hits="1"/>
            <line number="530" branch="false" hits="1"/>
            <line number="531" branch="false" hits="1"/>
            <line number="532" branch="false" hits="1"/>
            <line number="533" branch="false" hits="1"/>
            <line number="534" branch="false" hits="1"/>
            <line number="535" branch="false" hits="1"/>
            <line number="536" branch="false" hits="1"/>
            <line number="537" branch="false" hits="1"/>
            <line number="538" branch="false" hits="1"/>
            <line number="539" branch="false" hits="1"/>
            <line number="540" branch="false" hits="1"/>
            <line number="541" branch="false" hits="1"/>
            <line number="542" branch="false" hits="1"/>
            <line number="543" branch="false" hits="1"/>
            <line number="544" branch="false" hits="1"/>
            <line number="545" branch="false" hits="1"/>
            <line number="546" branch="false" hits="1"/>
            <line number="547" branch="false" hits="1"/>
            <line number="548" branch="false" hits="1"/>
            <line number="549" branch="false" hits="1"/>
            <line number="550" branch="false" hits="1"/>
            <line number="551" branch="false" hits="1"/>
            <line number="552" branch="false" hits="1"/>
            <line number="553" branch="false" hits="1"/>
            <line number="554" branch="false" hits="1"/>
            <line number="556" branch="false" hits="1"/>
            <line number="557" branch="false" hits="1"/>
            <line number="558" branch="false" hits="1"/>
            <line number="559" branch="false" hits="1"/>
            <line number="560" branch="false" hits="1"/>
            <line number="561" branch="false" hits="1"/>
            <line number="562" branch="false" hits="1"/>
            <line number="563" branch="false" hits="1"/>
            <line number="564" branch="false" hits="1"/>
            <line number="565" branch="false" hits="1"/>
            <line number="566" branch="false" hits="1"/>
            <line number="567" branch="false" hits="1"/>
            <line number="568" branch="false" hits="1"/>
            <line number="569" branch="false" hits="1"/>
            <line number="570" branch="false" hits="1"/>
            <line number="571" branch="false" hits="1"/>
            <line number="572" branch="false" hits="1"/>
            <line number="573" branch="false" hits="1"/>
            <line number="574" branch="false" hits="1"/>
            <line number="575" branch="false" hits="1"/>
            <line number="576" branch="false" hits="1"/>
            <line number="577" branch="false" hits="1"/>
            <line number="578" branch="false" hits="1"/>
            <line number="579" branch="false" hits="1"/>
            <line number="580" branch="false" hits="1"/>
            <line number="582" branch="false" hits="1"/>
            <line number="583" branch="false" hits="1"/>
            <line number="584" branch="false" hits="1"/>
            <line number="585" branch="false" hits="1"/>
            <line number="586" branch="false" hits="1"/>
            <line number="587" branch="false" hits="1"/>
            <line number="588" branch="false" hits="1"/>
            <line number="589" branch="false" hits="1"/>
            <line number="590" branch="false" hits="1"/>
            <line number="591" branch="false" hits="1"/>
            <line number="592" branch="false" hits="1"/>
            <line number="593" branch="false" hits="1"/>
            <line number="594" branch="false" hits="1"/>
            <line number="595" branch="false" hits="1"/>
            <line number="596" branch="false" hits="1"/>
            <line number="597" branch="false" hits="1"/>
            <line number="598" branch="false" hits="1"/>
            <line number="599" branch="false" hits="1"/>
            <line number="600" branch="false" hits="1"/>
            <line number="601" branch="false" hits="1"/>
            <line number="602" branch="false" hits="1"/>
            <line number="603" branch="false" hits="1"/>
            <line number="604" branch="false" hits="1"/>
            <line number="605" branch="false" hits="1"/>
            <line number="606" branch="false" hits="1"/>
            <line number="607" branch="false" hits="1"/>
            <line number="608" branch="false" hits="1"/>
            <line number="609" branch="false" hits="1"/>
            <line number="610" branch="false" hits="1"/>
            <line number="611" branch="false" hits="1"/>
            <line number="612" branch="false" hits="1"/>
            <line number="613" branch="false" hits="1"/>
            <line number="614" branch="false" hits="1"/>
            <line number="615" branch="false" hits="1"/>
            <line number="616" branch="false" hits="1"/>
            <line number="617" branch="false" hits="1"/>
            <line number="618" branch="false" hits="1"/>
            <line number="619" branch="false" hits="1"/>
            <line number="620" branch="false" hits="1"/>
            <line number="622" branch="false" hits="1"/>
            <line number="623" branch="false" hits="1"/>
            <line number="624" branch="false" hits="1"/>
            <line number="625" branch="false" hits="1"/>
            <line number="626" branch="false" hits="1"/>
            <line number="627" branch="false" hits="1"/>
            <line number="628" branch="false" hits="1"/>
            <line number="629" branch="false" hits="1"/>
            <line number="630" branch="false" hits="1"/>
            <line number="631" branch="false" hits="1"/>
            <line number="632" branch="false" hits="1"/>
            <line number="633" branch="false" hits="1"/>
            <line number="634" branch="false" hits="1"/>
            <line number="635" branch="false" hits="1"/>
            <line number="636" branch="false" hits="1"/>
            <line number="637" branch="false" hits="1"/>
            <line number="638" branch="false" hits="1"/>
            <line number="639" branch="false" hits="1"/>
            <line number="640" branch="false" hits="1"/>
            <line number="641" branch="false" hits="1"/>
            <line number="642" branch="false" hits="1"/>
            <line number="643" branch="false" hits="1"/>
            <line number="644" branch="false" hits="1"/>
            <line number="645" branch="false" hits="1"/>
            <line number="646" branch="false" hits="1"/>
            <line number="648" branch="false" hits="1"/>
            <line number="649" branch="false" hits="1"/>
            <line number="650" branch="false" hits="1"/>
            <line number="651" branch="false" hits="1"/>
            <line number="652" branch="false" hits="1"/>
            <line number="653" branch="false" hits="1"/>
            <line number="654" branch="false" hits="1"/>
            <line number="655" branch="false" hits="1"/>
            <line number="656" branch="false" hits="1"/>
            <line number="657" branch="false" hits="1"/>
            <line number="658" branch="false" hits="1"/>
            <line number="659" branch="false" hits="1"/>
            <line number="660" branch="false" hits="1"/>
            <line number="661" branch="false" hits="1"/>
            <line number="662" branch="false" hits="1"/>
            <line number="663" branch="false" hits="1"/>
            <line number="664" branch="false" hits="1"/>
            <line number="665" branch="false" hits="1"/>
            <line number="666" branch="false" hits="1"/>
            <line number="667" branch="false" hits="1"/>
            <line number="668" branch="false" hits="1"/>
            <line number="669" branch="false" hits="1"/>
            <line number="670" branch="false" hits="1"/>
            <line number="671" branch="false" hits="1"/>
            <line number="672" branch="false" hits="1"/>
            <line number="674" branch="false" hits="1"/>
            <line number="675" branch="false" hits="1"/>
            <line number="676" branch="false" hits="1"/>
            <line number="677" branch="false" hits="1"/>
            <line number="678" branch="false" hits="1"/>
            <line number="679" branch="false" hits="1"/>
            <line number="680" branch="false" hits="1"/>
            <line number="681" branch="false" hits="1"/>
            <line number="682" branch="false" hits="1"/>
            <line number="683" branch="false" hits="1"/>
            <line number="684" branch="false" hits="1"/>
            <line number="685" branch="false" hits="1"/>
            <line number="686" branch="false" hits="1"/>
            <line number="687" branch="false" hits="1"/>
            <line number="688" branch="false" hits="1"/>
            <line number="689" branch="false" hits="1"/>
            <line number="690" branch="false" hits="1"/>
            <line number="691" branch="false" hits="1"/>
            <line number="692" branch="false" hits="1"/>
            <line number="693" branch="false" hits="1"/>
            <line number="694" branch="false" hits="1"/>
            <line number="695" branch="false" hits="1"/>
            <line number="696" branch="false" hits="1"/>
            <line number="697" branch="false" hits="1"/>
            <line number="698" branch="false" hits="1"/>
            <line number="700" branch="false" hits="1"/>
            <line number="701" branch="false" hits="1"/>
            <line number="702" branch="false" hits="1"/>
            <line number="703" branch="false" hits="1"/>
            <line number="704" branch="false" hits="1"/>
            <line number="705" branch="false" hits="1"/>
            <line number="706" branch="false" hits="1"/>
            <line number="707" branch="false" hits="1"/>
            <line number="708" branch="false" hits="1"/>
            <line number="709" branch="false" hits="1"/>
            <line number="710" branch="false" hits="1"/>
            <line number="711" branch="false" hits="1"/>
            <line number="712" branch="false" hits="1"/>
            <line number="713" branch="false" hits="1"/>
            <line number="714" branch="false" hits="1"/>
            <line number="715" branch="false" hits="1"/>
            <line number="716" branch="false" hits="1"/>
            <line number="717" branch="false" hits="1"/>
            <line number="718" branch="false" hits="1"/>
            <line number="719" branch="false" hits="1"/>
            <line number="720" branch="false" hits="1"/>
            <line number="721" branch="false" hits="1"/>
            <line number="722" branch="false" hits="1"/>
            <line number="723" branch="false" hits="1"/>
            <line number="724" branch="false" hits="1"/>
            <line number="726" branch="false" hits="1"/>
            <line number="727" branch="false" hits="1"/>
            <line number="728" branch="false" hits="1"/>
            <line number="729" branch="false" hits="1"/>
            <line number="730" branch="false" hits="1"/>
            <line number="731" branch="false" hits="1"/>
            <line number="732" branch="false" hits="1"/>
            <line number="733" branch="false" hits="1"/>
            <line number="734" branch="false" hits="1"/>
            <line number="735" branch="false" hits="1"/>
            <line number="736" branch="false" hits="1"/>
            <line number="737" branch="false" hits="1"/>
            <line number="738" branch="false" hits="1"/>
            <line number="739" branch="false" hits="1"/>
            <line number="740" branch="false" hits="1"/>
            <line number="741" branch="false" hits="1"/>
            <line number="742" branch="false" hits="1"/>
            <line number="743" branch="false" hits="1"/>
            <line number="744" branch="false" hits="1"/>
            <line number="745" branch="false" hits="1"/>
            <line number="746" branch="false" hits="1"/>
            <line number="747" branch="false" hits="1"/>
            <line number="748" branch="false" hits="1"/>
            <line number="749" branch="false" hits="1"/>
            <line number="750" branch="false" hits="1"/>
            <line number="752" branch="false" hits="1"/>
            <line number="753" branch="false" hits="1"/>
            <line number="754" branch="false" hits="1"/>
            <line number="755" branch="false" hits="1"/>
            <line number="756" branch="false" hits="1"/>
            <line number="757" branch="false" hits="1"/>
            <line number="758" branch="false" hits="1"/>
            <line number="759" branch="false" hits="1"/>
            <line number="760" branch="false" hits="1"/>
            <line number="761" branch="false" hits="1"/>
            <line number="762" branch="false" hits="1"/>
            <line number="763" branch="false" hits="1"/>
            <line number="764" branch="false" hits="1"/>
            <line number="765" branch="false" hits="1"/>
            <line number="766" branch="false" hits="1"/>
            <line number="767" branch="false" hits="1"/>
            <line number="768" branch="false" hits="1"/>
            <line number="769" branch="false" hits="1"/>
            <line number="770" branch="false" hits="1"/>
            <line number="771" branch="false" hits="1"/>
            <line number="772" branch="false" hits="1"/>
            <line number="773" branch="false" hits="1"/>
            <line number="774" branch="false" hits="1"/>
            <line number="775" branch="false" hits="1"/>
            <line number="776" branch="false" hits="1"/>
            <line number="778" branch="false" hits="1"/>
            <line number="779" branch="false" hits="1"/>
            <line number="780" branch="false" hits="1"/>
            <line number="781" branch="false" hits="1"/>
            <line number="782" branch="false" hits="1"/>
            <line number="783" branch="false" hits="1"/>
            <line number="784" branch="false" hits="1"/>
            <line number="785" branch="false" hits="1"/>
            <line number="786" branch="false" hits="1"/>
            <line number="787" branch="false" hits="1"/>
            <line number="788" branch="false" hits="1"/>
            <line number="789" branch="false" hits="1"/>
            <line number="790" branch="false" hits="1"/>
            <line number="791" branch="false" hits="1"/>
            <line number="792" branch="false" hits="1"/>
            <line number="793" branch="false" hits="1"/>
            <line number="794" branch="false" hits="1"/>
            <line number="795" branch="false" hits="1"/>
            <line number="796" branch="false" hits="1"/>
            <line number="797" branch="false" hits="1"/>
            <line number="798" branch="false" hits="1"/>
            <line number="799" branch="false" hits="1"/>
            <line number="800" branch="false" hits="1"/>
            <line number="801" branch="false" hits="1"/>
            <line number="802" branch="false" hits="1"/>
            <line number="803" branch="false" hits="1"/>
            <line number="804" branch="false" hits="1"/>
            <line number="805" branch="false" hits="1"/>
            <line number="806" branch="false" hits="1"/>
            <line number="807" branch="false" hits="1"/>
            <line number="808" branch="false" hits="1"/>
            <line number="809" branch="false" hits="1"/>
            <line number="810" branch="false" hits="1"/>
            <line number="811" branch="false" hits="1"/>
            <line number="812" branch="false" hits="1"/>
            <line number="813" branch="false" hits="1"/>
            <line number="814" branch="false" hits="1"/>
            <line number="815" branch="false" hits="1"/>
            <line number="816" branch="false" hits="1"/>
            <line number="817" branch="false" hits="1"/>
            <line number="818" branch="false" hits="1"/>
            <line number="819" branch="false" hits="1"/>
            <line number="820" branch="false" hits="1"/>
            <line number="821" branch="false" hits="1"/>
            <line number="822" branch="false" hits="1"/>
            <line number="823" branch="false" hits="1"/>
            <line number="824" branch="false" hits="1"/>
            <line number="825" branch="false" hits="1"/>
            <line number="826" branch="false" hits="1"/>
            <line number="827" branch="false" hits="1"/>
            <line number="828" branch="false" hits="1"/>
            <line number="829" branch="false" hits="1"/>
            <line number="830" branch="false" hits="1"/>
            <line number="831" branch="false" hits="1"/>
            <line number="832" branch="false" hits="1"/>
            <line number="833" branch="false" hits="1"/>
            <line number="834" branch="false" hits="1"/>
            <line number="835" branch="false" hits="1"/>
            <line number="836" branch="false" hits="1"/>
            <line number="837" branch="false" hits="1"/>
            <line number="838" branch="false" hits="1"/>
            <line number="839" branch="false" hits="1"/>
            <line number="840" branch="false" hits="1"/>
            <line number="841" branch="false" hits="1"/>
            <line number="843" branch="false" hits="1"/>
            <line number="844" branch="false" hits="1"/>
            <line number="845" branch="false" hits="1"/>
            <line number="846" branch="false" hits="1"/>
            <line number="847" branch="false" hits="1"/>
            <line number="848" branch="false" hits="1"/>
            <line number="849" branch="false" hits="1"/>
            <line number="850" branch="false" hits="1"/>
            <line number="851" branch="false" hits="1"/>
            <line number="852" branch="false" hits="1"/>
            <line number="853" branch="false" hits="1"/>
            <line number="854" branch="false" hits="1"/>
            <line number="855" branch="false" hits="1"/>
            <line number="856" branch="false" hits="1"/>
            <line number="857" branch="false" hits="1"/>
            <line number="858" branch="false" hits="1"/>
            <line number="859" branch="false" hits="1"/>
            <line number="860" branch="false" hits="1"/>
            <line number="861" branch="false" hits="1"/>
            <line number="862" branch="false" hits="1"/>
            <line number="863" branch="false" hits="1"/>
            <line number="864" branch="false" hits="1"/>
            <line number="865" branch="false" hits="1"/>
            <line number="866" branch="false" hits="1"/>
            <line number="867" branch="false" hits="1"/>
            <line number="868" branch="false" hits="1"/>
            <line number="869" branch="false" hits="1"/>
            <line number="870" branch="false" hits="1"/>
            <line number="871" branch="false" hits="1"/>
            <line number="872" branch="false" hits="1"/>
            <line number="873" branch="false" hits="1"/>
            <line number="874" branch="false" hits="1"/>
            <line number="875" branch="false" hits="1"/>
            <line number="876" branch="false" hits="1"/>
            <line number="877" branch="false" hits="1"/>
            <line number="878" branch="false" hits="1"/>
            <line number="879" branch="false" hits="1"/>
            <line number="880" branch="false" hits="1"/>
            <line number="881" branch="false" hits="1"/>
            <line number="882" branch="false" hits="1"/>
            <line number="883" branch="false" hits="1"/>
            <line number="884" branch="false" hits="1"/>
            <line number="885" branch="false" hits="1"/>
            <line number="886" branch="false" hits="1"/>
            <line number="887" branch="false" hits="1"/>
            <line number="888" branch="false" hits="1"/>
            <line number="889" branch="false" hits="1"/>
            <line number="890" branch="false" hits="1"/>
            <line number="891" branch="false" hits="1"/>
            <line number="892" branch="false" hits="1"/>
            <line number="893" branch="false" hits="1"/>
            <line number="894" branch="false" hits="1"/>
            <line number="895" branch="false" hits="1"/>
            <line number="896" branch="false" hits="1"/>
            <line number="897" branch="false" hits="1"/>
            <line number="898" branch="false" hits="1"/>
            <line number="899" branch="false" hits="1"/>
            <line number="900" branch="false" hits="1"/>
            <line number="901" branch="false" hits="1"/>
            <line number="902" branch="false" hits="1"/>
            <line number="903" branch="false" hits="1"/>
            <line number="904" branch="false" hits="1"/>
            <line number="905" branch="false" hits="1"/>
            <line number="906" branch="false" hits="1"/>
[...]
            <line number="1021" branch="false" hits="1"/>
            <line number="1022" branch="false" hits="1"/>
            <line number="1023" branch="false" hits="1"/>
            <line number="1024" branch="false" hits="1"/>
            <line number="1025" branch="false" hits="1"/>
            <line number="1026" branch="false" hits="1"/>
            <line number="1027" branch="false" hits="1"/>
            <line number="1028" branch="false" hits="1"/>
            <line number="1029" branch="false" hits="1"/>
            <line number="1030" branch="false" hits="1"/>
            <line number="1031" branch="false" hits="1"/>
            <line number="1032" branch="false" hits="1"/>
            <line number="1033" branch="false" hits="1"/>
            <line number="1034" branch="false" hits="1"/>
            <line number="1035" branch="false" hits="1"/>
            <line number="1036" branch="false" hits="1"/>
            <line number="1037" branch="false" hits="1"/>
            <line number="1038" branch="false" hits="1"/>
            <line number="1039" branch="false" hits="1"/>
            <line number="1040" branch="false" hits="1"/>
            <line number="1041" branch="false" hits="1"/>
            <line number="1042" branch="false" hits="1"/>
            <line number="1043" branch="false" hits="1"/>
            <line number="1044" branch="false" hits="1"/>
            <line number="1045" branch="false" hits="1"/>
            <line number="1046" branch="false" hits="1"/>
            <line number="1047" branch="false" hits="1"/>
            <line number="1049" branch="false" hits="1"/>
            <line number="1050" branch="false" hits="1"/>
            <line number="1051" branch="false" hits="1"/>
            <line number="1052" branch="false" hits="1"/>
            <line number="1053" branch="false" hits="1"/>
            <line number="1054" branch="false" hits="1"/>
            <line number="1055" branch="false" hits="1"/>
            <line number="1056" branch="false" hits="1"/>
            <line number="1057" branch="false" hits="1"/>
            <line number="1058" branch="false" hits="1"/>
            <line number="1059" branch="false" hits="1"/>
            <line number="1060" branch="false" hits="1"/>
            <line number="1061" branch="false" hits="1"/>
            <line number="1062" branch="false" hits="1"/>
            <line number="1063" branch="false" hits="1"/>
            <line number="1064" branch="false" hits="1"/>
            <line number="1065" branch="false" hits="1"/>
            <line number="1066" branch="false" hits="1"/>
            <line number="1067" branch="false" hits="1"/>
            <line number="1068" branch="false" hits="1"/>
            <line number="1069" branch="false" hits="1"/>
            <line number="1070" branch="false" hits="1"/>
            <line number="1071" branch="false" hits="1"/>
            <line number="1072" branch="false" hits="1"/>
            <line number="1073" branch="false" hits="1"/>
            <line number="1074" branch="false" hits="1"/>
            <line number="1075" branch="false" hits="1"/>
            <line number="1076" branch="false" hits="1"/>
            <line number="1077" branch="false" hits="1"/>
            <line number="1078" branch="false" hits="1"/>
            <line number="1079" branch="false" hits="1"/>
            <line number="1080" branch="false" hits="1"/>
            <line number="1081" branch="false" hits="1"/>
            <line number="1082" branch="false" hits="1"/>
            <line number="1083" branch="false" hits="1"/>
            <line number="1084" branch="false" hits="1"/>
            <line number="1085" branch="false" hits="1"/>
            <line number="1086" branch="false" hits="1"/>
            <line number="1087" branch="false" hits="1"/>
            <line number="1088" branch="false" hits="1"/>
            <line number="1089" branch="false" hits="1"/>
            <line number="1090" branch="false" hits="1"/>
            <line number="1091" branch="false" hits="1"/>
            <line number="1092" branch="false" hits="1"/>
            <line number="1093" branch="false" hits="1"/>
            <line number="1094" branch="false" hits="1"/>
            <line number="1095" branch="false" hits="1"/>
            <line number="1096" branch="false" hits="1"/>
            <line number="1097" branch="false" hits="1"/>
            <line number="1099" branch="false" hits="1"/>
            <line number="1100" branch="false" hits="1"/>
            <line number="1101" branch="false" hits="1"/>
            <line number="1102" branch="false" hits="1"/>
            <line number="1103" branch="false" hits="1"/>
            <line number="1104" branch="false" hits="1"/>
            <line number="1105" branch="false" hits="1"/>
            <line number="1106" branch="false" hits="1"/>
            <line number="1107" branch="false" hits="1"/>
            <line number="1108" branch="false" hits="1"/>
            <line number="1109" branch="false" hits="1"/>
            <line number="1110" branch="false" hits="1"/>
            <line number="1111" branch="false" hits="1"/>
            <line number="1112" branch="false" hits="1"/>
            <line number="1113" branch="false" hits="1"/>
            <line number="1114" branch="false" hits="1"/>
            <line number="1115" branch="false" hits="1"/>
            <line number="1116" branch="false" hits="1"/>
            <line number="1117" branch="false" hits="1"/>
            <line number="1118" branch="false" hits="1"/>
            <line number="1119" branch="false" hits="1"/>
            <line number="1120" branch="false" hits="1"/>
            <line number="1121" branch="false" hits="1"/>
            <line number="1122" branch="false" hits="1"/>
            <line number="1123" branch="false" hits="1"/>
            <line number="1124" branch="false" hits="1"/>
            <line number="1125" branch="false" hits="1"/>
            <line number="1126" branch="false" hits="1"/>
            <line number="1127" branch="false" hits="1"/>
            <line number="1129" branch="false" hits="1"/>
            <line number="1130" branch="false" hits="1"/>
            <line number="1131" branch="false" hits="1"/>
            <line number="1132" branch="false" hits="1"/>
            <line number="1133" branch="false" hits="1"/>
            <line number="1134" branch="false" hits="1"/>
            <line number="1135" branch="false" hits="1"/>
            <line number="1136" branch="false" hits="1"/>
            <line number="1137" branch="false" hits="1"/>
            <line number="1138" branch="false" hits="1"/>
            <line number="1139" branch="false" hits="1"/>
            <line number="1140" branch="false" hits="1"/>
            <line number="1141" branch="false" hits="1"/>
            <line number="1142" branch="false" hits="1"/>
            <line number="1143" branch="false" hits="1"/>
            <line number="1144" branch="false" hits="1"/>
            <line number="1145" branch="false" hits="1"/>
            <line number="1146" branch="false" hits="1"/>
            <line number="1147" branch="false" hits="1"/>
            <line number="1148" branch="false" hits="1"/>
            <line number="1149" branch="false" hits="1"/>
            <line number="1150" branch="false" hits="1"/>
            <line number="1151" branch="false" hits="1"/>
            <line number="1152" branch="false" hits="1"/>
            <line number="1153" branch="false" hits="1"/>
            <line number="1154" branch="false" hits="1"/>
            <line number="1155" branch="false" hits="1"/>
            <line number="1156" branch="false" hits="1"/>
            <line number="1157" branch="false" hits="1"/>
            <line number="1163" branch="false" hits="153"/>
            <line number="1164" branch="false" hits="153"/>
            <line number="1165" branch="false" hits="153"/>
            <line number="1171" branch="false" hits="0"/>
            <line number="1172" branch="false" hits="0"/>
            <line number="1173" branch="false" hits="0"/>
            <line number="1174" branch="false" hits="0"/>
            <line number="1175" branch="false" hits="0"/>
            <line number="1176" branch="false" hits="0"/>
            <line number="1177" branch="false" hits="0"/>
            <line number="1178" branch="false" hits="0"/>
            <line number="1179" branch="false" hits="0"/>
            <line number="1180" branch="false" hits="0"/>
            <line number="1181" branch="false" hits="0"/>
            <line number="1182" branch="false" hits="0"/>
            <line number="1183" branch="false" hits="0"/>
            <line number="1184" branch="false" hits="0"/>
            <line number="1185" branch="false" hits="0"/>
            <line number="1186" branch="false" hits="0"/>
            <line number="1187" branch="false" hits="0"/>
            <line number="1188" branch="false" hits="0"/>
            <line number="1189" branch="false" hits="0"/>
            <line number="1190" branch="false" hits="0"/>
            <line number="1191" branch="false" hits="0"/>
            <line number="1192" branch="false" hits="0"/>
            <line number="1193" branch="false" hits="0"/>
            <line number="1194" branch="false" hits="0"/>
            <line number="1195" branch="false" hits="0"/>
            <line number="1196" branch="false" hits="0"/>
            <line number="1197" branch="false" hits="0"/>
            <line number="1198" branch="false" hits="0"/>
            <line number="1199" branch="false" hits="0"/>
            <line number="1200" branch="false" hits="0"/>
            <line number="1201" branch="false" hits="0"/>
            <line number="1202" branch="false" hits="0"/>
            <line number="1203" branch="false" hits="0"/>
            <line number="1204" branch="false" hits="0"/>
            <line number="1205" branch="false" hits="0"/>
            <line number="1206" branch="false" hits="0"/>
            <line number="1207" branch="false" hits="0"/>
            <line number="1208" branch="false" hits="0"/>
            <line number="1209" branch="false" hits="0"/>
            <line number="1210" branch="false" hits="0"/>
            <line number="1211" branch="false" hits="0"/>
            <line number="1212" branch="false" hits="0"/>
            <line number="1213" branch="false" hits="0"/>
          </lines>
        </class>
        <class name="FloatTests" filename="AnchorageTests/FloatTests.swift" line-rate="1.0000000000000000" branch-rate="1.0000000000000000" complexity="0.0">
          <methods/>
          <lines>
            <line number="14" branch="false" hits="1"/>
            <line number="15" branch="false" hits="1"/>
            <line number="16" branch="false" hits="1"/>
            <line number="17" branch="false" hits="1"/>
            <line number="18" branch="false" hits="1"/>
            <line number="19" branch="false" hits="1"/>
            <line number="20" branch="false" hits="1"/>
            <line number="21" branch="false" hits="1"/>
            <line number="22" branch="false" hits="1"/>
            <line number="23" branch="false" hits="1"/>
            <line number="24" branch="false" hits="1"/>
            <line number="25" branch="false" hits="1"/>
            <line number="26" branch="false" hits="1"/>
            <line number="27" branch="false" hits="1"/>
            <line number="28" branch="false" hits="1"/>
            <line number="29" branch="false" hits="1"/>
            <line number="30" branch="false" hits="1"/>
            <line number="31" branch="false" hits="1"/>
            <line number="32" branch="false" hits="1"/>
            <line number="33" branch="false" hits="1"/>
            <line number="34" branch="false" hits="1"/>
            <line number="35" branch="false" hits="1"/>
            <line number="36" branch="false" hits="1"/>
            <line number="37" branch="false" hits="1"/>
            <line number="38" branch="false" hits="1"/>
            <line number="39" branch="false" hits="1"/>
            <line number="40" branch="false" hits="1"/>
            <line number="41" branch="false" hits="1"/>
            <line number="42" branch="false" hits="1"/>
            <line number="43" branch="false" hits="1"/>
            <line number="44" branch="false" hits="1"/>
            <line number="45" branch="false" hits="1"/>
            <line number="46" branch="false" hits="1"/>
            <line number="47" branch="false" hits="1"/>
            <line number="48" branch="false" hits="1"/>
            <line number="49" branch="false" hits="1"/>
            <line number="51" branch="false" hits="1"/>
            <line number="52" branch="false" hits="1"/>
            <line number="53" branch="false" hits="1"/>
            <line number="54" branch="false" hits="1"/>
            <line number="55" branch="false" hits="1"/>
            <line number="56" branch="false" hits="1"/>
            <line number="57" branch="false" hits="1"/>
            <line number="58" branch="false" hits="1"/>
            <line number="59" branch="false" hits="1"/>
            <line number="60" branch="false" hits="1"/>
            <line number="61" branch="false" hits="1"/>
            <line number="62" branch="false" hits="1"/>
            <line number="63" branch="false" hits="1"/>
            <line number="64" branch="false" hits="1"/>
            <line number="65" branch="false" hits="1"/>
            <line number="66" branch="false" hits="1"/>
            <line number="67" branch="false" hits="1"/>
            <line number="68" branch="false" hits="1"/>
            <line number="69" branch="false" hits="1"/>
            <line number="70" branch="false" hits="1"/>
            <line number="71" branch="false" hits="1"/>
            <line number="72" branch="false" hits="1"/>
            <line number="73" branch="false" hits="1"/>
            <line number="74" branch="false" hits="1"/>
            <line number="75" branch="false" hits="1"/>
            <line number="76" branch="false" hits="1"/>
            <line number="77" branch="false" hits="1"/>
            <line number="78" branch="false" hits="1"/>
            <line number="79" branch="false" hits="1"/>
            <line number="80" branch="false" hits="1"/>
            <line number="81" branch="false" hits="1"/>
            <line number="82" branch="false" hits="1"/>
            <line number="83" branch="false" hits="1"/>
            <line number="84" branch="false" hits="1"/>
            <line number="85" branch="false" hits="1"/>
            <line number="86" branch="false" hits="1"/>
            <line number="88" branch="false" hits="1"/>
            <line number="89" branch="false" hits="1"/>
            <line number="90" branch="false" hits="1"/>
            <line number="91" branch="false" hits="1"/>
            <line number="92" branch="false" hits="1"/>
            <line number="93" branch="false" hits="1"/>
            <line number="94" branch="false" hits="1"/>
            <line number="95" branch="false" hits="1"/>
            <line number="96" branch="false" hits="1"/>
            <line number="97" branch="false" hits="1"/>
            <line number="98" branch="false" hits="1"/>
            <line number="99" branch="false" hits="1"/>
            <line number="100" branch="false" hits="1"/>
            <line number="101" branch="false" hits="1"/>
            <line number="102" branch="false" hits="1"/>
            <line number="103" branch="false" hits="1"/>
            <line number="104" branch="false" hits="1"/>
            <line number="105" branch="false" hits="1"/>
            <line number="106" branch="false" hits="1"/>
            <line number="107" branch="false" hits="1"/>
            <line number="108" branch="false" hits="1"/>
            <line number="109" branch="false" hits="1"/>
            <line number="110" branch="false" hits="1"/>
            <line number="111" branch="false" hits="1"/>
            <line number="112" branch="false" hits="1"/>
            <line number="113" branch="false" hits="1"/>
            <line number="114" branch="false" hits="1"/>
            <line number="115" branch="false" hits="1"/>
            <line number="116" branch="false" hits="1"/>
            <line number="117" branch="false" hits="1"/>
            <line number="118" branch="false" hits="1"/>
            <line number="119" branch="false" hits="1"/>
            <line number="120" branch="false" hits="1"/>
            <line number="121" branch="false" hits="1"/>
            <line number="122" branch="false" hits="1"/>
            <line number="123" branch="false" hits="1"/>
            <line number="125" branch="false" hits="1"/>
            <line number="126" branch="false" hits="1"/>
            <line number="127" branch="false" hits="12"/>
            <line number="128" branch="false" hits="12"/>
            <line number="129" branch="false" hits="12"/>
            <line number="130" branch="false" hits="12"/>
            <line number="131" branch="false" hits="12"/>
            <line number="132" branch="false" hits="1"/>
            <line number="133" branch="false" hits="1"/>
            <line number="134" branch="false" hits="1"/>
            <line number="135" branch="false" hits="1"/>
            <line number="136" branch="false" hits="1"/>
            <line number="137" branch="false" hits="1"/>
            <line number="138" branch="false" hits="1"/>
            <line number="139" branch="false" hits="1"/>
            <line number="140" branch="false" hits="1"/>
            <line number="141" branch="false" hits="1"/>
            <line number="142" branch="false" hits="1"/>
            <line number="143" branch="false" hits="1"/>
            <line number="144" branch="false" hits="1"/>
            <line number="145" branch="false" hits="1"/>
            <line number="146" branch="false" hits="1"/>
            <line number="147" branch="false" hits="1"/>
            <line number="148" branch="false" hits="1"/>
            <line number="149" branch="false" hits="1"/>
            <line number="150" branch="false" hits="1"/>
            <line number="151" branch="false" hits="1"/>
            <line number="152" branch="false" hits="1"/>
            <line number="153" branch="false" hits="1"/>
            <line number="154" branch="false" hits="1"/>
            <line number="155" branch="false" hits="1"/>
            <line number="156" branch="false" hits="1"/>
            <line number="157" branch="false" hits="1"/>
            <line number="158" branch="false" hits="1"/>
            <line number="159" branch="false" hits="1"/>
            <line number="160" branch="false" hits="1"/>
            <line number="161" branch="false" hits="1"/>
            <line number="162" branch="false" hits="1"/>
            <line number="163" branch="false" hits="1"/>
            <line number="164" branch="false" hits="1"/>
            <line number="165" branch="false" hits="1"/>
            <line number="166" branch="false" hits="1"/>
            <line number="167" branch="false" hits="1"/>
            <line number="173" branch="false" hits="28"/>
            <line number="174" branch="false" hits="28"/>
            <line number="175" branch="false" hits="28"/>
            <line number="177" branch="false" hits="28"/>
            <line number="178" branch="false" hits="28"/>
            <line number="179" branch="false" hits="28"/>
            <line number="181" branch="false" hits="28"/>
            <line number="182" branch="false" hits="28"/>
            <line number="183" branch="false" hits="28"/>
            <line number="185" branch="false" hits="28"/>
            <line number="186" branch="false" hits="28"/>
            <line number="187" branch="false" hits="28"/>
          </lines>
        </class>
      </classes>
    </package>
  </packages>
</coverage>
